<?xml version="1.0" encoding="UTF-8"?>
<testsuite name="Integrations" tests="1" skipped="0" failures="0" errors="0" timestamp="2020-10-28T11:50:33" hostname="DESKTOP-760OG14" time="6.982">
  <properties/>
  <testcase name="tilknytte_fungerer" classname="Integrations" time="6.982"/>
  <system-out><![CDATA[]]></system-out>
  <system-err><![CDATA[Starting ChromeDriver 86.0.4240.22 (398b0743353ff36fb1b82468f63a3a93b4e2e89e-refs/branch-heads/4240@{#378}) on port 34997
Only local connections are allowed.
Please see https://chromedriver.chromium.org/security-considerations for suggestions on keeping ChromeDriver safe.
ChromeDriver was started successfully.
okt. 28, 2020 12:50:37 P.M. org.openqa.selenium.remote.ProtocolHandshake createSession
INFO: Detected dialect: W3C
]]></system-err>
</testsuite>
