<?xml version="1.0" encoding="UTF-8"?>
<testsuite name="Integrations" tests="1" skipped="0" failures="0" errors="0" timestamp="2020-10-28T10:49:11" hostname="aksel-pc" time="3.836">
  <properties/>
  <testcase name="login_pro" classname="Integrations" time="3.836"/>
  <system-out><![CDATA[]]></system-out>
  <system-err><![CDATA[Starting ChromeDriver 84.0.4147.30 (48b3e868b4cc0aa7e8149519690b6f6949e110a8-refs/branch-heads/4147@{#310}) on port 20083
Only local connections are allowed.
Please see https://chromedriver.chromium.org/security-considerations for suggestions on keeping ChromeDriver safe.
ChromeDriver was started successfully.
Oct 28, 2020 11:49:12 AM org.openqa.selenium.remote.ProtocolHandshake createSession
INFO: Detected dialect: W3C
]]></system-err>
</testsuite>
